<?xml version="1.0" encoding="UTF-8"?>
<testsuite xmlns:xsi="http://www.w3.org/2001/XMLSchema-instance" xsi:noNamespaceSchemaLocation="https://maven.apache.org/surefire/maven-surefire-plugin/xsd/surefire-test-report.xsd" version="3.0.2" name="com.tutorial12.tutorial12.Tutorial12ApplicationTests" time="2.505" tests="1" errors="0" skipped="0" failures="0">
  <properties>
[...]
</properties>
  <testcase name="contextLoads" classname="com.tutorial12.tutorial12.Tutorial12ApplicationTests" time="0.759">
    <system-out><![CDATA[22:30:32.503 [main] INFO org.springframework.test.context.support.AnnotationConfigContextLoaderUtils -- Could not detect default configuration classes for test class [com.tutorial12.tutorial12.Tutorial12ApplicationTests]: Tutorial12ApplicationTests does not declare any static, non-private, non-final, nested classes annotated with @Configuration.
22:30:32.603 [main] INFO org.springframework.boot.test.context.SpringBootTestContextBootstrapper -- Found @SpringBootConfiguration com.tutorial12.tutorial12.Tutorial12Application for test class com.tutorial12.tutorial12.Tutorial12ApplicationTests

  .   ____          _            __ _ _
 /\\ / ___'_ __ _ _(_)_ __  __ _ \ \ \ \
( ( )\___ | '_ | '_| | '_ \/ _` | \ \ \ \
 \\/  ___)| |_)| | | | | || (_| |  ) ) ) )
  '  |____| .__|_| |_|_| |_\__, | / / / /
 =========|_|==============|___/=/_/_/_/

 :: Spring Boot ::                (v3.4.5)

2025-04-27T22:30:32.955-05:00  INFO 56140 --- [tutorial12] [           main] c.t.t.Tutorial12ApplicationTests         : Starting Tutorial12ApplicationTests using Java 24.0.1 with PID 56140 (started by Usuario in C:\Users\Usuario\Documents\Universidad\Sexto Semestre\Top. Esp. Ing. Software\Workspace\Tutoriales\tutorial12)
2025-04-27T22:30:32.956-05:00  INFO 56140 --- [tutorial12] [           main] c.t.t.Tutorial12ApplicationTests         : No active profile set, falling back to 1 default profile: "default"
2025-04-27T22:30:33.871-05:00  INFO 56140 --- [tutorial12] [           main] o.s.v.b.OptionalValidatorFactoryBean     : Failed to set up a Bean Validation provider: jakarta.validation.NoProviderFoundException: Unable to create a Configuration, because no Jakarta Bean Validation provider could be found. Add a provider like Hibernate Validator (RI) to your classpath.
2025-04-27T22:30:34.122-05:00  INFO 56140 --- [tutorial12] [           main] c.t.t.Tutorial12ApplicationTests         : Started Tutorial12ApplicationTests in 1.398 seconds (process running for 2.178)
]]></system-out>
    <system-err><![CDATA[Mockito is currently self-attaching to enable the inline-mock-maker. This will no longer work in future releases of the JDK. Please add Mockito as an agent to your build what is described in Mockito's documentation: https://javadoc.io/doc/org.mockito/mockito-core/latest/org/mockito/Mockito.html#0.3
WARNING: A Java agent has been loaded dynamically (C:\Users\Usuario\.m2\repository\net\bytebuddy\byte-buddy-agent\1.15.11\byte-buddy-agent-1.15.11.jar)
WARNING: If a serviceability tool is in use, please run with -XX:+EnableDynamicAgentLoading to hide this warning
WARNING: If a serviceability tool is not in use, please run with -Djdk.instrument.traceUsage for more information
WARNING: Dynamic loading of agents will be disallowed by default in a future release
]]></system-err>
  </testcase>
</testsuite>